{
"C:\\Users\\User\\Downloads\\projects\\voting-app\\server\\models\\pollSchema\\pollSchema.js":{"path":"C:\\Users\\User\\Downloads\\projects\\voting-app\\server\\models\\pollSchema\\pollSchema.js","s":{"1":1,"2":1,"3":1},"b":{},"f":{},"fnMap":{},"statementMap":{"1":{"start":{"line":1,"column":0},"end":{"line":1,"column":37}},"2":{"start":{"line":3,"column":0},"end":{"line":7,"column":3}},"3":{"start":{"line":9,"column":0},"end":{"line":9,"column":52}}},"branchMap":{},"l":{"1":1,"3":1,"9":1}},
"C:\\Users\\User\\Downloads\\projects\\voting-app\\server\\models\\utils.js":{"path":"C:\\Users\\User\\Downloads\\projects\\voting-app\\server\\models\\utils.js","s":{"1":1,"2":2,"3":3,"4":3,"5":3},"b":{},"f":{"1":3},"fnMap":{"1":{"name":"validate","line":2,"loc":{"start":{"line":2,"column":2},"end":{"line":2,"column":26}}}},"statementMap":{"1":{"start":{"line":1,"column":0},"end":{"line":5,"column":5}},"2":{"start":{"line":1,"column":36},"end":{"line":5,"column":4}},"3":{"start":{"line":1,"column":54},"end":{"line":5,"column":4}},"4":{"start":{"line":3,"column":4},"end":{"line":3,"column":42}},"5":{"start":{"line":4,"column":4},"end":{"line":4,"column":9}}},"branchMap":{},"l":{"1":3,"3":3,"4":3}},
"C:\\Users\\User\\Downloads\\projects\\voting-app\\server\\models\\userSchema\\userSchema.js":{"path":"C:\\Users\\User\\Downloads\\projects\\voting-app\\server\\models\\userSchema\\userSchema.js","s":{"1":1,"2":1,"3":1},"b":{},"f":{},"fnMap":{},"statementMap":{"1":{"start":{"line":3,"column":0},"end":{"line":3,"column":37}},"2":{"start":{"line":5,"column":0},"end":{"line":13,"column":3}},"3":{"start":{"line":15,"column":0},"end":{"line":15,"column":52}}},"branchMap":{},"l":{"3":1,"5":1,"15":1}}}
