{
"C:\\Users\\User\\Downloads\\projects\\voting-app\\server\\app.js":{"path":"C:\\Users\\User\\Downloads\\projects\\voting-app\\server\\app.js","s":{"1":1,"2":1,"3":1,"4":1,"5":1,"6":1,"7":1,"8":1,"9":0,"10":1,"11":1,"12":0,"13":0,"14":0,"15":0,"16":0,"17":0,"18":0,"19":0,"20":0,"21":0,"22":0,"23":1,"24":1,"25":1},"b":{"1":[0,1],"2":[0,1]},"f":{"1":0},"fnMap":{"1":{"name":"(anonymous_1)","line":38,"loc":{"start":{"line":38,"column":17},"end":{"line":38,"column":37}}}},"statementMap":{"1":{"start":{"line":3,"column":0},"end":{"line":3,"column":35}},"2":{"start":{"line":4,"column":0},"end":{"line":4,"column":33}},"3":{"start":{"line":5,"column":0},"end":{"line":5,"column":35}},"4":{"start":{"line":6,"column":0},"end":{"line":6,"column":29}},"5":{"start":{"line":8,"column":0},"end":{"line":8,"column":44}},"6":{"start":{"line":10,"column":0},"end":{"line":52,"column":2}},"7":{"start":{"line":11,"column":2},"end":{"line":11,"column":24}},"8":{"start":{"line":14,"column":2},"end":{"line":16,"column":3}},"9":{"start":{"line":15,"column":4},"end":{"line":15,"column":30}},"10":{"start":{"line":19,"column":2},"end":{"line":19,"column":30}},"11":{"start":{"line":22,"column":2},"end":{"line":49,"column":3}},"12":{"start":{"line":23,"column":4},"end":{"line":23,"column":66}},"13":{"start":{"line":24,"column":4},"end":{"line":24,"column":67}},"14":{"start":{"line":25,"column":4},"end":{"line":25,"column":67}},"15":{"start":{"line":27,"column":4},"end":{"line":27,"column":44}},"16":{"start":{"line":28,"column":4},"end":{"line":30,"column":8}},"17":{"start":{"line":32,"column":4},"end":{"line":36,"column":8}},"18":{"start":{"line":38,"column":4},"end":{"line":43,"column":7}},"19":{"start":{"line":39,"column":6},"end":{"line":39,"column":47}},"20":{"start":{"line":40,"column":6},"end":{"line":40,"column":69}},"21":{"start":{"line":41,"column":6},"end":{"line":41,"column":46}},"22":{"start":{"line":42,"column":6},"end":{"line":42,"column":20}},"23":{"start":{"line":47,"column":4},"end":{"line":47,"column":34}},"24":{"start":{"line":48,"column":4},"end":{"line":48,"column":38}},"25":{"start":{"line":51,"column":2},"end":{"line":51,"column":13}}},"branchMap":{"1":{"line":14,"type":"if","locations":[{"start":{"line":14,"column":2},"end":{"line":14,"column":2}},{"start":{"line":14,"column":2},"end":{"line":14,"column":2}}]},"2":{"line":22,"type":"if","locations":[{"start":{"line":22,"column":2},"end":{"line":22,"column":2}},{"start":{"line":22,"column":2},"end":{"line":22,"column":2}}]}},"l":{"3":1,"4":1,"5":1,"6":1,"8":1,"10":1,"11":1,"14":1,"15":0,"19":1,"22":1,"23":0,"24":0,"25":0,"27":0,"28":0,"32":0,"38":0,"39":0,"40":0,"41":0,"42":0,"47":1,"48":1,"51":1}},
"C:\\Users\\User\\Downloads\\projects\\voting-app\\server\\models\\pollSchema\\pollSchema.js":{"path":"C:\\Users\\User\\Downloads\\projects\\voting-app\\server\\models\\pollSchema\\pollSchema.js","s":{"1":1,"2":1,"3":1},"b":{},"f":{},"fnMap":{},"statementMap":{"1":{"start":{"line":3,"column":0},"end":{"line":3,"column":37}},"2":{"start":{"line":5,"column":0},"end":{"line":9,"column":3}},"3":{"start":{"line":11,"column":0},"end":{"line":11,"column":52}}},"branchMap":{},"l":{"3":1,"5":1,"11":1}},
"C:\\Users\\User\\Downloads\\projects\\voting-app\\server\\models\\utils.js":{"path":"C:\\Users\\User\\Downloads\\projects\\voting-app\\server\\models\\utils.js","s":{"1":1,"2":2,"3":3,"4":3,"5":3},"b":{},"f":{"1":3},"fnMap":{"1":{"name":"validate","line":4,"loc":{"start":{"line":4,"column":2},"end":{"line":4,"column":26}}}},"statementMap":{"1":{"start":{"line":3,"column":0},"end":{"line":7,"column":5}},"2":{"start":{"line":3,"column":36},"end":{"line":7,"column":4}},"3":{"start":{"line":3,"column":54},"end":{"line":7,"column":4}},"4":{"start":{"line":5,"column":4},"end":{"line":5,"column":42}},"5":{"start":{"line":6,"column":4},"end":{"line":6,"column":9}}},"branchMap":{},"l":{"3":3,"5":3,"6":3}},
"C:\\Users\\User\\Downloads\\projects\\voting-app\\server\\models\\userSchema\\userSchema.js":{"path":"C:\\Users\\User\\Downloads\\projects\\voting-app\\server\\models\\userSchema\\userSchema.js","s":{"1":1,"2":1,"3":1},"b":{},"f":{},"fnMap":{},"statementMap":{"1":{"start":{"line":3,"column":0},"end":{"line":3,"column":37}},"2":{"start":{"line":5,"column":0},"end":{"line":13,"column":3}},"3":{"start":{"line":15,"column":0},"end":{"line":15,"column":52}}},"branchMap":{},"l":{"3":1,"5":1,"15":1}},
"C:\\Users\\User\\Downloads\\projects\\voting-app\\server\\routes\\index.js":{"path":"C:\\Users\\User\\Downloads\\projects\\voting-app\\server\\routes\\index.js","s":{"1":1,"2":1,"3":0,"4":1},"b":{},"f":{},"fnMap":{},"statementMap":{"1":{"start":{"line":3,"column":0},"end":{"line":3,"column":43}},"2":{"start":{"line":5,"column":0},"end":{"line":5,"column":58}},"3":{"start":{"line":5,"column":30},"end":{"line":5,"column":56}},"4":{"start":{"line":7,"column":0},"end":{"line":7,"column":24}}},"branchMap":{},"l":{"3":1,"5":1,"7":1}}}
