TN:
SF:C:\Users\User\Downloads\projects\voting-app\server\app.js
FN:38,(anonymous_1)
FNF:1
FNH:0
FNDA:0,(anonymous_1)
DA:3,1
DA:4,1
DA:5,1
DA:6,1
DA:8,1
DA:10,1
DA:11,1
DA:14,1
DA:15,0
DA:19,1
DA:22,1
DA:23,0
DA:24,0
DA:25,0
DA:27,0
DA:28,0
DA:32,0
DA:38,0
DA:39,0
DA:40,0
DA:41,0
DA:42,0
DA:47,1
DA:48,1
DA:51,1
LF:25
LH:13
BRDA:14,1,0,0
BRDA:14,1,1,1
BRDA:22,2,0,0
BRDA:22,2,1,1
BRF:4
BRH:2
end_of_record
TN:
SF:C:\Users\User\Downloads\projects\voting-app\server\models\pollSchema\pollSchema.js
FNF:0
FNH:0
DA:3,1
DA:5,1
DA:11,1
LF:3
LH:3
BRF:0
BRH:0
end_of_record
TN:
SF:C:\Users\User\Downloads\projects\voting-app\server\models\utils.js
FN:4,validate
FNF:1
FNH:1
FNDA:3,validate
DA:3,3
DA:5,3
DA:6,3
LF:3
LH:3
BRF:0
BRH:0
end_of_record
TN:
SF:C:\Users\User\Downloads\projects\voting-app\server\models\userSchema\userSchema.js
FNF:0
FNH:0
DA:3,1
DA:5,1
DA:15,1
LF:3
LH:3
BRF:0
BRH:0
end_of_record
TN:
SF:C:\Users\User\Downloads\projects\voting-app\server\routes\index.js
FNF:0
FNH:0
DA:3,1
DA:5,1
DA:7,1
LF:3
LH:3
BRF:0
BRH:0
end_of_record
